The system is: Windows - 10.0.18362 - AMD64
Compiling the C compiler identification source file "CMakeCCompilerId.c" succeeded.
Compiler: C:/Program Files (x86)/Microsoft Visual Studio/2019/Community/VC/Tools/MSVC/14.23.28105/bin/Hostx86/x86/cl.exe 
Build flags: 
Id flags:  

The output was:
0
x86용 Microsoft (R) C/C++ 최적화 컴파일러 버전 19.23.28105.4
Copyright (c) Microsoft Corporation. All rights reserved.

CMakeCCompilerId.c
Microsoft (R) Incremental Linker Version 14.23.28105.4
Copyright (C) Microsoft Corporation.  All rights reserved.

/out:CMakeCCompilerId.exe 
CMakeCCompilerId.obj 


Compilation of the C compiler identification source "CMakeCCompilerId.c" produced "CMakeCCompilerId.exe"

Compilation of the C compiler identification source "CMakeCCompilerId.c" produced "CMakeCCompilerId.obj"

The C compiler identification is MSVC, found in "C:/Users/k97sj/clproject/sphw3/cmake-build-debug/CMakeFiles/3.16.5/CompilerIdC/CMakeCCompilerId.exe"

Determining if the C compiler works passed with the following output:
Change Dir: C:/Users/k97sj/clproject/sphw3/cmake-build-debug/CMakeFiles/CMakeTmp

Run Build Command(s):nmake /nologo cmTC_2af82\fast && 	"C:\Program Files (x86)\Microsoft Visual Studio\2019\Community\VC\Tools\MSVC\14.23.28105\bin\HostX86\x86\nmake.exe" -f CMakeFiles\cmTC_2af82.dir\build.make /nologo -L                  CMakeFiles\cmTC_2af82.dir\build
Building C object CMakeFiles/cmTC_2af82.dir/testCCompiler.c.obj
	C:\PROGRA~2\MICROS~1\2019\COMMUN~1\VC\Tools\MSVC\1423~1.281\bin\Hostx86\x86\cl.exe @C:\Users\k97sj\AppData\Local\Temp\nm10F2.tmp
testCCompiler.c
Linking C executable cmTC_2af82.exe
	"C:\Program Files\JetBrains\CLion 2020.1.1\bin\cmake\win\bin\cmake.exe" -E vs_link_exe --intdir=CMakeFiles\cmTC_2af82.dir --rc=C:\PROGRA~2\WI3CF2~1\10\bin\100183~1.0\x86\rc.exe --mt=C:\PROGRA~2\WI3CF2~1\10\bin\100183~1.0\x86\mt.exe --manifests  -- C:\PROGRA~2\MICROS~1\2019\COMMUN~1\VC\Tools\MSVC\1423~1.281\bin\Hostx86\x86\link.exe /nologo @CMakeFiles\cmTC_2af82.dir\objects1.rsp @C:\Users\k97sj\AppData\Local\Temp\nm126A.tmp



Detecting C compiler ABI info compiled with the following output:
Change Dir: C:/Users/k97sj/clproject/sphw3/cmake-build-debug/CMakeFiles/CMakeTmp

Run Build Command(s):nmake /nologo cmTC_1b840\fast && 	"C:\Program Files (x86)\Microsoft Visual Studio\2019\Community\VC\Tools\MSVC\14.23.28105\bin\HostX86\x86\nmake.exe" -f CMakeFiles\cmTC_1b840.dir\build.make /nologo -L                  CMakeFiles\cmTC_1b840.dir\build
Building C object CMakeFiles/cmTC_1b840.dir/CMakeCCompilerABI.c.obj
	C:\PROGRA~2\MICROS~1\2019\COMMUN~1\VC\Tools\MSVC\1423~1.281\bin\Hostx86\x86\cl.exe @C:\Users\k97sj\AppData\Local\Temp\nm1548.tmp
CMakeCCompilerABI.c
Linking C executable cmTC_1b840.exe
	"C:\Program Files\JetBrains\CLion 2020.1.1\bin\cmake\win\bin\cmake.exe" -E vs_link_exe --intdir=CMakeFiles\cmTC_1b840.dir --rc=C:\PROGRA~2\WI3CF2~1\10\bin\100183~1.0\x86\rc.exe --mt=C:\PROGRA~2\WI3CF2~1\10\bin\100183~1.0\x86\mt.exe --manifests  -- C:\PROGRA~2\MICROS~1\2019\COMMUN~1\VC\Tools\MSVC\1423~1.281\bin\Hostx86\x86\link.exe /nologo @CMakeFiles\cmTC_1b840.dir\objects1.rsp @C:\Users\k97sj\AppData\Local\Temp\nm15B6.tmp



